java.lang.IllegalArgumentException: No SchemaFactory that implements the schema language specified by: http://www.w3.org/XML/XMLSchema/v1.1 could be loaded
	at java.xml/javax.xml.validation.SchemaFactory.newInstance(SchemaFactory.java:247)
	at dev.liambloom.checker.bjp.api/dev.liambloom.checker.bjp.api.Books.lambda$static$0(Books.java:28)
	at dev.liambloom.checker.bjp.api/dev.liambloom.checker.bjp.api.Lazy.get(Lazy.java:18)
	at dev.liambloom.checker.bjp.api/dev.liambloom.checker.bjp.api.Lazy.lambda$map$0(Lazy.java:23)
	at java.base/java.util.Optional.orElseGet(Optional.java:364)
	at dev.liambloom.checker.bjp.api/dev.liambloom.checker.bjp.api.ResourcePool.get(ResourcePool.java:35)
	at dev.liambloom.checker.bjp.api/dev.liambloom.checker.bjp.api.AbstractBook.validate(AbstractBook.java:83)
	at dev.liambloom.checker.bjp.api/dev.liambloom.checker.bjp.api.FunctionThrowsIOException.apply(FunctionThrowsIOException.java:12)
	at java.base/java.util.stream.ReferencePipeline$3$1.accept(ReferencePipeline.java:197)
	at java.base/java.util.stream.ReferencePipeline$3$1.accept(ReferencePipeline.java:197)
	at java.base/java.util.HashMap$KeySpliterator.forEachRemaining(HashMap.java:1694)
	at java.base/java.util.stream.Streams$ConcatSpliterator.forEachRemaining(Streams.java:734)
	at java.base/java.util.stream.AbstractPipeline.copyInto(AbstractPipeline.java:484)
	at java.base/java.util.stream.AbstractPipeline.wrapAndCopyInto(AbstractPipeline.java:474)
	at java.base/java.util.stream.ForEachOps$ForEachOp.evaluateSequential(ForEachOps.java:150)
	at java.base/java.util.stream.ForEachOps$ForEachOp$OfRef.evaluateSequential(ForEachOps.java:173)
	at java.base/java.util.stream.AbstractPipeline.evaluate(AbstractPipeline.java:234)
	at java.base/java.util.stream.ReferencePipeline.forEachOrdered(ReferencePipeline.java:601)
	at dev.liambloom.checker.bjp.ui/dev.liambloom.checker.bjp.cli.Main.printResults(Main.java:221)
	at dev.liambloom.checker.bjp.ui/dev.liambloom.checker.bjp.cli.Main.main(Main.java:156)

	"C:\Program Files\Java\openjdk-16.0.1\bin\java.exe" -javaagent:C:\Users\liamr\AppData\Local\JetBrains\Toolbox\apps\IDEA-C\ch-0\211.7442.40\lib\idea_rt.jar=64789:
	C:\Users\liamr\AppData\Local\JetBrains\Toolbox\apps\IDEA-C\ch-0\211.7442.40\bin -Dfile.encoding=UTF-8 -p
	C:\Users\liamr\Documents\GitHub\bjp-checker\ui\target\classes;
	C:\Users\liamr\Documents\GitHub\bjp-checker\api\target\classes;
	C:\Users\liamr\.m2\repository\org\openjfx\javafx-controls\16\javafx-controls-16.jar;
	C:\Users\liamr\.m2\repository\org\openjfx\javafx-controls\16\javafx-controls-16-win.jar;
	C:\Users\liamr\.m2\repository\org\openjfx\javafx-fxml\16\javafx-fxml-16.jar;
	C:\Users\liamr\.m2\repository\org\openjfx\javafx-fxml\16\javafx-fxml-16-win.jar;
	C:\Users\liamr\.m2\repository\org\fusesource\jansi\jansi\2.3.4\jansi-2.3.4.jar;
	C:\Users\liamr\.m2\repository\org\openjfx\javafx-graphics\16\javafx-graphics-16.jar;
	C:\Users\liamr\.m2\repository\org\openjfx\javafx-graphics\16\javafx-graphics-16-win.jar;
	C:\Users\liamr\.m2\repository\org\openjfx\javafx-base\16\javafx-base-16.jar;
	C:\Users\liamr\.m2\repository\org\openjfx\javafx-base\16\javafx-base-16-win.jar
	 -m dev.liambloom.checker.bjp.ui/dev.liambloom.checker.bjp.cli.Main tests validate -a
    [error] An error was encountered internally. Check logs for more information
    C:\Users\liamr\Documents\GitHub\bjp-checker\api\target\logs\2021-09-11-17-17-13.log

    Process finished with exit code 1

